<?xml version="1.0" encoding="UTF-8"?>
<testsuite name="IntegrationTests" tests="1" skipped="0" failures="0" errors="0" timestamp="2017-08-14T16:44:24" hostname="OTTW321766" time="0.001">
  <properties/>
  <testcase name="test1" classname="IntegrationTests" time="0.001"/>
  <system-out><![CDATA[]]></system-out>
  <system-err><![CDATA[]]></system-err>
</testsuite>
